{"/Users/troy/WebstormProjects/cold-monorepo/apps/cold-ui/src/app/home.tsx": {"path":"/Users/troy/WebstormProjects/cold-monorepo/apps/cold-ui/src/app/home.tsx","all":false,"statementMap":{"0":{"start":{"line":1,"column":0},"end":{"line":1,"column":48}},"1":{"start":{"line":2,"column":0},"end":{"line":2,"column":0}},"2":{"start":{"line":3,"column":0},"end":{"line":3,"column":27}},"3":{"start":{"line":4,"column":0},"end":{"line":4,"column":10}},"4":{"start":{"line":5,"column":0},"end":{"line":5,"column":51}},"5":{"start":{"line":6,"column":0},"end":{"line":6,"column":21}},"6":{"start":{"line":7,"column":0},"end":{"line":7,"column":10}},"7":{"start":{"line":8,"column":0},"end":{"line":8,"column":4}},"8":{"start":{"line":9,"column":0},"end":{"line":9,"column":1}}},"s":{"0":1,"1":1,"2":1,"3":0,"4":0,"5":0,"6":0,"7":0,"8":0},"branchMap":{},"b":{},"fnMap":{"0":{"name":"Home","decl":{"start":{"line":3,"column":20},"end":{"line":9,"column":1}},"loc":{"start":{"line":3,"column":20},"end":{"line":9,"column":1}},"line":3}},"f":{"0":0}}
}
